#
# A fatal error has been detected by the Java Runtime Environment:
#
#  Internal Error (javaClasses.cpp:124), pid=4436, tid=2604
#  fatal error: Invalid layout of preloaded class
#
# JRE version:  (8.0_05-b13) (build )
# Java VM: Java HotSpot(TM) Client VM (25.5-b02 mixed mode windows-x86 )
# Failed to write core dump. Minidumps are not enabled by default on client versions of Windows
#
# If you would like to submit a bug report, please visit:
#   http://bugreport.sun.com/bugreport/crash.jsp
#

---------------  T H R E A D  ---------------

Current thread (0x001ac800):  JavaThread "Unknown thread" [_thread_in_vm, id=2604, stack(0x02210000,0x02260000)]

Stack: [0x02210000,0x02260000],  sp=0x0225f4c8,  free space=317k
Native frames: (J=compiled Java code, j=interpreted, Vv=VM code, C=native code)
V  [jvm.dll+0x1921e8]
V  [jvm.dll+0x18b2e6]
V  [jvm.dll+0x3aafa]
V  [jvm.dll+0x3acb0]
V  [jvm.dll+0x499f3]
V  [jvm.dll+0x9c1ae]
V  [jvm.dll+0x9c472]
V  [jvm.dll+0x140ae1]
V  [jvm.dll+0x1647e8]
V  [jvm.dll+0xd8c61]
C  [javaw.exe+0x13ce]
C  [javaw.exe+0x1e85]
C  [javaw.exe+0xab71]
C  [javaw.exe+0xabfb]
C  [kernel32.dll+0x133ca]
C  [ntdll.dll+0x39ed2]
C  [ntdll.dll+0x39ea5]


---------------  P R O C E S S  ---------------

Java Threads: ( => current thread )

Other Threads:

=>0x001ac800 (exited) JavaThread "Unknown thread" [_thread_in_vm, id=2604, stack(0x02210000,0x02260000)]

VM state:not at safepoint (not fully initialized)

VM Mutex/Monitor currently owned by a thread: None

GC Heap History (0 events):
No events

Deoptimization events (0 events):
No events

Internal exceptions (0 events):
No events

Events (10 events):
Event: 0.274 loading class java/lang/CharSequence done
Event: 0.275 loading class java/lang/String done
Event: 0.275 loading class java/lang/Class
Event: 0.275 loading class java/lang/reflect/AnnotatedElement
Event: 0.275 loading class java/lang/reflect/AnnotatedElement done
Event: 0.275 loading class java/lang/reflect/GenericDeclaration
Event: 0.275 loading class java/lang/reflect/GenericDeclaration done
Event: 0.275 loading class java/lang/reflect/Type
Event: 0.287 loading class java/lang/reflect/Type done
Event: 0.288 loading class java/lang/Class done


Dynamic libraries:
0x002e0000 - 0x00310000 	C:\Program Files (x86)\Java\jre8\bin\javaw.exe
0x77950000 - 0x77ad0000 	C:\Windows\SysWOW64\ntdll.dll
0x756d0000 - 0x757e0000 	C:\Windows\syswow64\kernel32.dll
0x77380000 - 0x773c6000 	C:\Windows\syswow64\KERNELBASE.dll
0x75510000 - 0x755b0000 	C:\Windows\syswow64\ADVAPI32.dll
0x773d0000 - 0x7747c000 	C:\Windows\syswow64\msvcrt.dll
0x76fb0000 - 0x76fc9000 	C:\Windows\SysWOW64\sechost.dll
0x75cc0000 - 0x75db0000 	C:\Windows\syswow64\RPCRT4.dll
0x754b0000 - 0x75510000 	C:\Windows\syswow64\SspiCli.dll
0x754a0000 - 0x754ac000 	C:\Windows\syswow64\CRYPTBASE.dll
0x76180000 - 0x76280000 	C:\Windows\syswow64\USER32.dll
0x75af0000 - 0x75b80000 	C:\Windows\syswow64\GDI32.dll
0x76140000 - 0x7614a000 	C:\Windows\syswow64\LPK.dll
0x755b0000 - 0x7564d000 	C:\Windows\syswow64\USP10.dll
0x73ac0000 - 0x73c5e000 	C:\Windows\WinSxS\x86_microsoft.windows.common-controls_6595b64144ccf1df_6.0.7601.17514_none_41e6975e2bd6f2b2\COMCTL32.dll
0x772f0000 - 0x77347000 	C:\Windows\syswow64\SHLWAPI.dll
0x75e30000 - 0x75e90000 	C:\Windows\system32\IMM32.DLL
0x76070000 - 0x7613c000 	C:\Windows\syswow64\MSCTF.dll
0x6d470000 - 0x6d52f000 	C:\Program Files (x86)\Java\jre8\bin\msvcr100.dll
0x60610000 - 0x609a6000 	C:\Program Files (x86)\Java\jre8\bin\client\jvm.dll
0x677e0000 - 0x677e7000 	C:\Windows\system32\WSOCK32.dll
0x77480000 - 0x774b5000 	C:\Windows\syswow64\WS2_32.dll
0x75e90000 - 0x75e96000 	C:\Windows\syswow64\NSI.dll
0x72e10000 - 0x72e42000 	C:\Windows\system32\WINMM.dll
0x75ae0000 - 0x75ae5000 	C:\Windows\syswow64\PSAPI.DLL
0x6bb10000 - 0x6bb1c000 	C:\Program Files (x86)\Java\jre8\bin\verify.dll
0x64e00000 - 0x64e21000 	C:\Program Files (x86)\Java\jre8\bin\java.dll
0x67800000 - 0x67813000 	C:\Program Files (x86)\Java\jre8\bin\zip.dll
0x70ed0000 - 0x70fbb000 	C:\Windows\system32\dbghelp.dll

VM Arguments:
jvm_args: -Dfile.encoding=Cp1252 -Xbootclasspath:C:\AndroidDev\adt-bundle-windows-x86-20130522\sdk\platforms\android-17\android.jar 
java_command: br.com.projetofinal1.MD5
java_class_path (initial): C:\Users\Fernando\workspace\projetofinal1\bin\classes;C:\Users\Fernando\workspace\projetofinal1\libs\android-support-v4.jar
Launcher Type: SUN_STANDARD

Environment Variables:
PATH=C:/Program Files (x86)/Java/jre8/bin/client;C:/Program Files (x86)/Java/jre8/bin;C:/Program Files (x86)/Java/jre8/lib/i386;C:\Program Files (x86)\CollabNet;C:\Program Files (x86)\Embarcadero\RAD Studio\10.0\bin;C:\Users\Public\Documents\RAD Studio\10.0\Bpl;C:\Program Files (x86)\Embarcadero\RAD Studio\10.0\bin64;C:\Users\Public\Documents\RAD Studio\10.0\Bpl\Win64;C:\Program Files (x86)\Common Files\Intel\Shared Files\cpp\bin\Intel64;C:\ProgramData\Oracle\Java\javapath;C:\Windows\system32;C:\Windows;C:\Windows\System32\Wbem;C:\Windows\System32\WindowsPowerShell\v1.0\;C:\Program Files (x86)\Intel\OpenCL SDK\2.0\bin\x86;C:\Program Files (x86)\Intel\OpenCL SDK\2.0\bin\x64;C:\Program Files (x86)\MySQL\MySQL Server 5.5\bin;C:\AndroidDev\adt-bundle-windows-x86-20130522\eclipse;
USERNAME=Fernando
OS=Windows_NT
PROCESSOR_IDENTIFIER=Intel64 Family 6 Model 42 Stepping 7, GenuineIntel



---------------  S Y S T E M  ---------------

OS: Windows 7 , 64 bit Build 7601 Service Pack 1

CPU:total 4 (2 cores per cpu, 2 threads per core) family 6 model 42 stepping 7, cmov, cx8, fxsr, mmx, sse, sse2, sse3, ssse3, sse4.1, sse4.2, popcnt, avx, aes, clmul, ht, tsc, tscinvbit

Memory: 4k page, physical 4006256k(877844k free), swap 8010668k(4025180k free)

vm_info: Java HotSpot(TM) Client VM (25.5-b02) for windows-x86 JRE (1.8.0_05-b13), built on Mar 18 2014 01:14:47 by "java_re" with MS VC++ 10.0 (VS2010)

time: Fri Feb 06 02:27:33 2015
elapsed time: 0 seconds

